INFO 2025-02-05 20:15:06,262 autoreload 10986 8455855616 Watching for file changes with StatReloader
INFO 2025-02-05 20:17:16,023 autoreload 10986 8455855616 /Users/mikhailadler/PycharmProjects/Site_recipe/myproject/myproject/myproject/settings.py changed, reloading.
INFO 2025-02-05 20:17:16,297 autoreload 11635 8455855616 Watching for file changes with StatReloader
ERROR 2025-02-05 20:17:20,547 basehttp 11635 6162182144 "GET / HTTP/1.1" 500 59
INFO 2025-02-05 20:18:10,341 autoreload 11635 8455855616 /Users/mikhailadler/PycharmProjects/Site_recipe/myproject/myproject/myproject/settings.py changed, reloading.
INFO 2025-02-05 20:18:10,653 autoreload 11919 8455855616 Watching for file changes with StatReloader
ERROR 2025-02-05 20:18:13,283 basehttp 11919 6158168064 "GET / HTTP/1.1" 500 59
INFO 2025-02-05 20:18:31,554 autoreload 12029 8455855616 Watching for file changes with StatReloader
INFO 2025-02-05 20:18:42,625 autoreload 12104 8455855616 Watching for file changes with StatReloader
INFO 2025-02-05 20:20:24,407 autoreload 12624 8455855616 Watching for file changes with StatReloader
ERROR 2025-02-05 20:20:26,553 basehttp 12624 6195277824 "GET / HTTP/1.1" 500 59
ERROR 2025-02-05 20:20:28,950 basehttp 12624 6195277824 "GET / HTTP/1.1" 500 59
INFO 2025-02-05 20:20:44,890 autoreload 12624 8455855616 /Users/mikhailadler/PycharmProjects/Site_recipe/myproject/myproject/myproject/settings.py changed, reloading.
INFO 2025-02-05 20:20:45,132 autoreload 12731 8455855616 Watching for file changes with StatReloader
ERROR 2025-02-05 20:20:47,016 basehttp 12731 6122008576 "GET / HTTP/1.1" 500 59
ERROR 2025-02-05 20:20:49,385 basehttp 12731 6122008576 "GET / HTTP/1.1" 500 59
INFO 2025-02-05 20:21:07,661 autoreload 12731 8455855616 /Users/mikhailadler/PycharmProjects/Site_recipe/myproject/myproject/myproject/settings.py changed, reloading.
INFO 2025-02-05 20:21:08,039 autoreload 12846 8455855616 Watching for file changes with StatReloader
ERROR 2025-02-05 20:21:08,506 basehttp 12846 6191951872 "GET / HTTP/1.1" 500 59
INFO 2025-02-05 20:21:13,678 autoreload 12878 8455855616 Watching for file changes with StatReloader
INFO 2025-02-05 20:21:42,403 autoreload 13037 8455855616 Watching for file changes with StatReloader
ERROR 2025-02-05 20:21:47,929 basehttp 13037 6160773120 "GET / HTTP/1.1" 500 59
INFO 2025-02-05 20:24:07,995 autoreload 13751 8455855616 Watching for file changes with StatReloader
INFO 2025-02-05 20:24:24,166 autoreload 13852 8455855616 Watching for file changes with StatReloader
INFO 2025-02-05 20:24:25,902 basehttp 13852 6130905088 "GET / HTTP/1.1" 200 4667
INFO 2025-02-05 20:24:29,282 basehttp 13852 6130905088 "GET / HTTP/1.1" 200 4667
INFO 2025-02-05 20:24:30,362 basehttp 13852 6130905088 "GET /products/ HTTP/1.1" 200 5179
INFO 2025-02-05 20:24:32,610 basehttp 13852 6130905088 "GET /users/ HTTP/1.1" 200 5125
INFO 2025-02-05 20:24:34,726 basehttp 13852 6130905088 "GET /products/ HTTP/1.1" 200 5179
INFO 2025-02-05 20:24:36,658 basehttp 13852 6130905088 "GET /orders/ HTTP/1.1" 200 5237
INFO 2025-02-05 20:24:39,139 basehttp 13852 6130905088 "GET / HTTP/1.1" 200 4667
INFO 2025-02-05 20:24:41,347 basehttp 13852 6130905088 "GET /product/add HTTP/1.1" 200 6022
INFO 2025-02-05 20:25:46,033 basehttp 13852 6130905088 "GET /product/update HTTP/1.1" 200 6022
INFO 2025-02-05 20:25:48,002 basehttp 13852 6130905088 "GET / HTTP/1.1" 200 4667
INFO 2025-02-05 20:25:52,493 basehttp 13852 6130905088 "GET /products/ HTTP/1.1" 200 5179
INFO 2025-02-05 20:25:53,053 basehttp 13852 6130905088 "GET / HTTP/1.1" 200 4667
INFO 2025-02-05 20:25:53,678 basehttp 13852 6130905088 "GET / HTTP/1.1" 200 4667
INFO 2025-02-05 20:25:54,572 basehttp 13852 6130905088 "GET / HTTP/1.1" 200 4667
INFO 2025-02-05 20:25:58,048 basehttp 13852 6130905088 "GET / HTTP/1.1" 200 4667
INFO 2025-02-05 20:25:58,952 basehttp 13852 6130905088 "GET /admin/cocking_recipe/recipe/ HTTP/1.1" 302 0
INFO 2025-02-05 20:25:58,979 basehttp 13852 6130905088 "GET /admin/login/?next=/admin/cocking_recipe/recipe/ HTTP/1.1" 200 4403
INFO 2025-02-05 20:25:58,994 basehttp 13852 6181384192 "GET /static/admin/css/nav_sidebar.css HTTP/1.1" 200 2810
INFO 2025-02-05 20:25:58,994 basehttp 13852 6198210560 "GET /static/admin/js/nav_sidebar.js HTTP/1.1" 200 3063
INFO 2025-02-05 20:25:58,994 basehttp 13852 6147731456 "GET /static/admin/css/dark_mode.css HTTP/1.1" 200 2682
INFO 2025-02-05 20:25:58,995 basehttp 13852 6164557824 "GET /static/admin/js/theme.js HTTP/1.1" 200 1943
INFO 2025-02-05 20:25:58,995 basehttp 13852 6130905088 "GET /static/admin/css/base.css HTTP/1.1" 200 21544
INFO 2025-02-05 20:25:58,995 basehttp 13852 6215036928 "GET /static/admin/css/login.css HTTP/1.1" 200 958
INFO 2025-02-05 20:25:58,996 basehttp 13852 6198210560 "GET /static/admin/css/responsive.css HTTP/1.1" 200 17905
INFO 2025-02-05 20:25:59,782 basehttp 13852 6130905088 "GET /admin/ HTTP/1.1" 302 0
INFO 2025-02-05 20:25:59,791 basehttp 13852 6130905088 "GET /admin/login/?next=/admin/ HTTP/1.1" 200 4359
INFO 2025-02-05 20:26:02,193 basehttp 13852 6130905088 "POST /admin/login/?next=/admin/ HTTP/1.1" 200 4633
INFO 2025-02-05 20:26:12,029 basehttp 13852 6130905088 "POST /admin/login/?next=/admin/ HTTP/1.1" 200 4633
INFO 2025-02-05 20:26:19,704 basehttp 13852 6130905088 "POST /admin/login/?next=/admin/ HTTP/1.1" 200 4633
INFO 2025-02-05 20:26:27,562 basehttp 13852 6130905088 "POST /admin/login/?next=/admin/ HTTP/1.1" 200 4633
INFO 2025-02-05 20:26:40,007 basehttp 13852 6130905088 "POST /admin/login/?next=/admin/ HTTP/1.1" 200 4633
INFO 2025-02-05 20:26:46,178 basehttp 13852 6130905088 "POST /admin/login/?next=/admin/ HTTP/1.1" 200 4633
INFO 2025-02-05 20:26:54,269 basehttp 13852 6130905088 "POST /admin/login/?next=/admin/ HTTP/1.1" 200 4633
INFO 2025-02-05 20:27:02,492 basehttp 13852 6130905088 "POST /admin/login/?next=/admin/ HTTP/1.1" 200 4633
INFO 2025-02-05 20:27:13,435 basehttp 13852 6130905088 "POST /admin/login/?next=/admin/ HTTP/1.1" 200 4633
INFO 2025-02-05 20:28:07,182 basehttp 13852 6130905088 "POST /admin/login/?next=/admin/ HTTP/1.1" 200 4633
INFO 2025-02-05 20:33:56,200 autoreload 16712 8455855616 Watching for file changes with StatReloader
INFO 2025-02-05 20:34:20,456 autoreload 16850 8455855616 Watching for file changes with StatReloader
INFO 2025-02-05 20:34:23,098 basehttp 16850 6194360320 "GET / HTTP/1.1" 200 4667
INFO 2025-02-05 20:34:27,373 basehttp 16850 6194360320 "GET /products/ HTTP/1.1" 200 5179
INFO 2025-02-05 20:34:28,762 basehttp 16850 6194360320 "GET /users/ HTTP/1.1" 200 5125
INFO 2025-02-05 20:34:33,697 basehttp 16850 6194360320 "GET /users/ HTTP/1.1" 200 5125
INFO 2025-02-05 20:34:33,933 basehttp 16850 6194360320 "GET /users/ HTTP/1.1" 200 5125
INFO 2025-02-05 20:34:34,337 basehttp 16850 6194360320 "GET / HTTP/1.1" 200 4667
INFO 2025-02-05 20:34:35,000 basehttp 16850 6194360320 "GET /admin/login/?next=/admin/ HTTP/1.1" 200 4359
INFO 2025-02-05 20:34:35,772 basehttp 16850 6194360320 "GET /admin/ HTTP/1.1" 302 0
INFO 2025-02-05 20:34:35,781 basehttp 16850 6194360320 "GET /admin/login/?next=/admin/ HTTP/1.1" 200 4359
INFO 2025-02-05 20:35:06,374 basehttp 16850 6194360320 "POST /admin/login/?next=/admin/ HTTP/1.1" 200 4633
INFO 2025-02-05 20:35:14,254 basehttp 16850 6194360320 "POST /admin/login/?next=/admin/ HTTP/1.1" 200 4633
INFO 2025-02-05 20:37:00,932 autoreload 17686 8455855616 Watching for file changes with StatReloader
INFO 2025-02-05 20:37:14,268 autoreload 17775 8455855616 Watching for file changes with StatReloader
INFO 2025-02-05 20:37:15,595 basehttp 17775 6159085568 "GET / HTTP/1.1" 200 4667
INFO 2025-02-05 20:37:19,816 basehttp 17775 6159085568 "GET / HTTP/1.1" 200 4667
INFO 2025-02-05 20:37:20,251 basehttp 17775 6159085568 "GET /admin/login/?next=/admin/ HTTP/1.1" 200 4359
INFO 2025-02-05 20:37:20,983 basehttp 17775 6159085568 "GET /admin/ HTTP/1.1" 302 0
INFO 2025-02-05 20:37:20,991 basehttp 17775 6159085568 "GET /admin/login/?next=/admin/ HTTP/1.1" 200 4359
INFO 2025-02-05 20:37:39,604 basehttp 17775 6159085568 "POST /admin/login/?next=/admin/ HTTP/1.1" 200 4633
INFO 2025-02-05 20:38:01,069 basehttp 17775 6159085568 "POST /admin/login/?next=/admin/ HTTP/1.1" 200 4633
INFO 2025-02-05 20:39:02,606 basehttp 17775 6159085568 "POST /admin/login/?next=/admin/ HTTP/1.1" 200 4633
INFO 2025-02-05 20:39:39,306 basehttp 17775 6159085568 "POST /admin/login/?next=/admin/ HTTP/1.1" 200 4633
INFO 2025-02-05 20:42:31,391 autoreload 19369 8455855616 Watching for file changes with StatReloader
INFO 2025-02-05 20:43:02,694 autoreload 19549 8455855616 Watching for file changes with StatReloader
INFO 2025-02-05 20:43:04,971 basehttp 19549 6126759936 "GET / HTTP/1.1" 200 4667
INFO 2025-02-05 20:43:10,303 basehttp 19549 6126759936 "GET / HTTP/1.1" 200 4667
INFO 2025-02-05 20:43:10,589 basehttp 19549 6126759936 "GET /admin/login/?next=/admin/ HTTP/1.1" 200 4359
INFO 2025-02-05 20:43:11,667 basehttp 19549 6126759936 "GET /admin/ HTTP/1.1" 302 0
INFO 2025-02-05 20:43:11,675 basehttp 19549 6126759936 "GET /admin/login/?next=/admin/ HTTP/1.1" 200 4359
INFO 2025-02-05 20:43:23,679 basehttp 19549 6126759936 "POST /admin/login/?next=/admin/ HTTP/1.1" 302 0
INFO 2025-02-05 20:43:23,689 basehttp 19549 6126759936 "GET /admin/ HTTP/1.1" 302 0
INFO 2025-02-05 20:43:23,710 basehttp 19549 6126759936 "GET /admin/login/?next=/admin/ HTTP/1.1" 200 4359
INFO 2025-02-05 20:46:05,020 autoreload 20435 8455855616 Watching for file changes with StatReloader
INFO 2025-02-05 20:46:25,816 autoreload 20558 8455855616 Watching for file changes with StatReloader
INFO 2025-02-05 20:46:27,389 basehttp 20558 6158987264 "GET / HTTP/1.1" 200 4667
INFO 2025-02-05 20:46:31,488 basehttp 20558 6158987264 "GET / HTTP/1.1" 200 4667
INFO 2025-02-05 20:46:31,761 basehttp 20558 6158987264 "GET /admin/login/?next=/admin/ HTTP/1.1" 200 4359
INFO 2025-02-05 20:46:33,216 basehttp 20558 6158987264 "GET /admin/ HTTP/1.1" 302 0
INFO 2025-02-05 20:46:33,225 basehttp 20558 6158987264 "GET /admin/login/?next=/admin/ HTTP/1.1" 200 4359
INFO 2025-02-05 20:46:35,500 basehttp 20558 6158987264 "GET /admin HTTP/1.1" 301 0
INFO 2025-02-05 20:46:35,509 basehttp 20558 6158987264 "GET /admin/ HTTP/1.1" 302 0
INFO 2025-02-05 20:46:35,519 basehttp 20558 6158987264 "GET /admin/login/?next=/admin/ HTTP/1.1" 200 4359
INFO 2025-02-05 20:46:50,364 basehttp 20558 6158987264 "POST /admin/login/?next=/admin/ HTTP/1.1" 302 0
INFO 2025-02-05 20:46:50,374 basehttp 20558 6158987264 "GET /admin/ HTTP/1.1" 302 0
INFO 2025-02-05 20:46:50,379 basehttp 20558 6158987264 "GET /admin/login/?next=/admin/ HTTP/1.1" 200 4359
INFO 2025-02-05 20:49:35,436 autoreload 21525 8455855616 Watching for file changes with StatReloader
INFO 2025-02-05 20:49:51,668 autoreload 21629 8455855616 Watching for file changes with StatReloader
INFO 2025-02-05 20:49:53,749 basehttp 21629 6202847232 "GET / HTTP/1.1" 200 4667
INFO 2025-02-05 20:49:57,662 basehttp 21629 6202847232 "GET / HTTP/1.1" 200 4667
INFO 2025-02-05 20:49:58,726 basehttp 21629 6202847232 "GET / HTTP/1.1" 200 4667
INFO 2025-02-05 20:49:59,603 basehttp 21629 6202847232 "GET /admin/login/?next=/admin/ HTTP/1.1" 200 4359
INFO 2025-02-05 20:50:00,420 basehttp 21629 6202847232 "GET /admin/ HTTP/1.1" 302 0
INFO 2025-02-05 20:50:00,428 basehttp 21629 6202847232 "GET /admin/login/?next=/admin/ HTTP/1.1" 200 4359
INFO 2025-02-05 20:50:09,687 basehttp 21629 6202847232 "POST /admin/login/?next=/admin/ HTTP/1.1" 302 0
INFO 2025-02-05 20:50:09,708 basehttp 21629 6202847232 "GET /admin/ HTTP/1.1" 302 0
INFO 2025-02-05 20:50:09,715 basehttp 21629 6202847232 "GET /admin/login/?next=/admin/ HTTP/1.1" 200 4359
INFO 2025-02-05 20:50:17,008 basehttp 21629 6202847232 "POST /admin/login/?next=/admin/ HTTP/1.1" 200 4633
INFO 2025-02-05 20:53:44,978 autoreload 22817 8455855616 Watching for file changes with StatReloader
INFO 2025-02-05 20:53:46,454 basehttp 22817 6130511872 "GET / HTTP/1.1" 200 4667
INFO 2025-02-05 20:53:49,992 basehttp 22817 6130511872 "GET / HTTP/1.1" 200 4667
INFO 2025-02-05 20:53:50,504 basehttp 22817 6130511872 "GET /admin/login/?next=/admin/ HTTP/1.1" 200 4359
INFO 2025-02-05 20:53:51,421 basehttp 22817 6130511872 "GET /admin/ HTTP/1.1" 302 0
INFO 2025-02-05 20:53:51,427 basehttp 22817 6130511872 "GET /admin/login/?next=/admin/ HTTP/1.1" 200 4359
INFO 2025-02-05 20:53:57,248 basehttp 22817 6130511872 "POST /admin/login/?next=/admin/ HTTP/1.1" 302 0
INFO 2025-02-05 20:53:57,269 basehttp 22817 6130511872 "GET /admin/ HTTP/1.1" 200 7953
INFO 2025-02-05 20:53:57,293 basehttp 22817 6130511872 "GET /static/admin/css/dashboard.css HTTP/1.1" 200 441
INFO 2025-02-05 20:53:57,306 basehttp 22817 6130511872 "GET /static/admin/img/icon-addlink.svg HTTP/1.1" 200 331
INFO 2025-02-05 20:53:57,314 basehttp 22817 6147338240 "GET /static/admin/img/icon-changelink.svg HTTP/1.1" 200 380
INFO 2025-02-05 20:54:00,407 basehttp 22817 6130511872 "GET /admin/e_shop/category/ HTTP/1.1" 200 10005
INFO 2025-02-05 20:54:00,416 basehttp 22817 6130511872 "GET /static/admin/css/changelists.css HTTP/1.1" 200 6811
INFO 2025-02-05 20:54:00,420 basehttp 22817 6147338240 "GET /admin/jsi18n/ HTTP/1.1" 200 17546
INFO 2025-02-05 20:54:00,438 basehttp 22817 6197817344 "GET /static/admin/js/core.js HTTP/1.1" 200 6208
INFO 2025-02-05 20:54:00,438 basehttp 22817 6180990976 "GET /static/admin/js/jquery.init.js HTTP/1.1" 200 347
INFO 2025-02-05 20:54:00,438 basehttp 22817 6147338240 "GET /static/admin/js/urlify.js HTTP/1.1" 200 7887
INFO 2025-02-05 20:54:00,440 basehttp 22817 6130511872 "GET /static/admin/js/actions.js HTTP/1.1" 200 8067
INFO 2025-02-05 20:54:00,441 basehttp 22817 6214643712 "GET /static/admin/js/admin/RelatedObjectLookups.js HTTP/1.1" 200 9042
INFO 2025-02-05 20:54:00,445 basehttp 22817 6147338240 "GET /static/admin/js/filters.js HTTP/1.1" 200 978
INFO 2025-02-05 20:54:00,445 basehttp 22817 6197817344 "GET /static/admin/js/prepopulate.js HTTP/1.1" 200 1531
INFO 2025-02-05 20:54:00,448 basehttp 22817 6164164608 "GET /static/admin/js/vendor/jquery/jquery.js HTTP/1.1" 200 285314
INFO 2025-02-05 20:54:00,451 basehttp 22817 6180990976 "GET /static/admin/js/vendor/xregexp/xregexp.js HTTP/1.1" 200 325171
INFO 2025-02-05 20:54:00,453 basehttp 22817 6130511872 "GET /static/admin/img/search.svg HTTP/1.1" 200 458
INFO 2025-02-05 20:54:00,484 basehttp 22817 6130511872 "GET /static/admin/img/tooltag-add.svg HTTP/1.1" 200 331
INFO 2025-02-05 20:54:00,485 basehttp 22817 6147338240 "GET /static/admin/img/icon-viewlink.svg HTTP/1.1" 200 581
INFO 2025-02-05 20:54:04,687 basehttp 22817 6130511872 "GET /admin/e_shop/category/add/ HTTP/1.1" 200 9704
INFO 2025-02-05 20:54:04,697 basehttp 22817 6130511872 "GET /static/admin/css/forms.css HTTP/1.1" 200 9090
INFO 2025-02-05 20:54:04,698 basehttp 22817 6180990976 "GET /static/admin/js/prepopulate_init.js HTTP/1.1" 200 586
INFO 2025-02-05 20:54:04,699 basehttp 22817 6164164608 "GET /static/admin/js/change_form.js HTTP/1.1" 200 606
INFO 2025-02-05 20:54:04,707 basehttp 22817 6147338240 "GET /admin/jsi18n/ HTTP/1.1" 200 17546
INFO 2025-02-05 20:54:04,709 basehttp 22817 6130511872 "GET /static/admin/css/widgets.css HTTP/1.1" 200 11800
INFO 2025-02-05 20:54:17,610 basehttp 22817 6130511872 "POST /admin/e_shop/category/add/ HTTP/1.1" 302 0
INFO 2025-02-05 20:54:17,627 basehttp 22817 6130511872 "GET /admin/e_shop/category/ HTTP/1.1" 200 12281
INFO 2025-02-05 20:54:17,636 basehttp 22817 6130511872 "GET /admin/jsi18n/ HTTP/1.1" 200 17546
INFO 2025-02-05 20:54:17,664 basehttp 22817 6147338240 "GET /static/admin/img/sorting-icons.svg HTTP/1.1" 200 1097
INFO 2025-02-05 20:54:17,664 basehttp 22817 6130511872 "GET /static/admin/img/icon-yes.svg HTTP/1.1" 200 436
INFO 2025-02-05 20:54:23,563 basehttp 22817 6130511872 "GET /admin/e_shop/product/ HTTP/1.1" 200 10538
INFO 2025-02-05 20:54:23,578 basehttp 22817 6130511872 "GET /admin/jsi18n/ HTTP/1.1" 200 17546
INFO 2025-02-05 20:54:24,244 basehttp 22817 6130511872 "GET /admin/e_shop/user/ HTTP/1.1" 200 10457
INFO 2025-02-05 20:54:24,253 basehttp 22817 6130511872 "GET /admin/jsi18n/ HTTP/1.1" 200 17546
INFO 2025-02-05 20:54:27,641 basehttp 22817 6130511872 "GET /admin/e_shop/user/add/ HTTP/1.1" 200 12473
INFO 2025-02-05 20:54:27,656 basehttp 22817 6164164608 "GET /static/admin/js/admin/DateTimeShortcuts.js HTTP/1.1" 200 19319
INFO 2025-02-05 20:54:27,658 basehttp 22817 6147338240 "GET /static/admin/js/calendar.js HTTP/1.1" 200 9141
INFO 2025-02-05 20:54:27,660 basehttp 22817 6130511872 "GET /admin/jsi18n/ HTTP/1.1" 200 17546
INFO 2025-02-05 20:54:27,718 basehttp 22817 6130511872 "GET /static/admin/img/icon-calendar.svg HTTP/1.1" 200 1086
INFO 2025-02-05 20:54:52,521 basehttp 22817 6130511872 "POST /admin/e_shop/user/add/ HTTP/1.1" 302 0
INFO 2025-02-05 20:54:52,544 basehttp 22817 6130511872 "GET /admin/e_shop/user/ HTTP/1.1" 200 13657
INFO 2025-02-05 20:54:52,559 basehttp 22817 6130511872 "GET /admin/jsi18n/ HTTP/1.1" 200 17546
INFO 2025-02-05 20:54:55,734 basehttp 22817 6130511872 "GET /admin/e_shop/user/1/change/ HTTP/1.1" 200 12993
INFO 2025-02-05 20:54:55,748 basehttp 22817 6130511872 "GET /admin/jsi18n/ HTTP/1.1" 200 17546
INFO 2025-02-05 20:55:01,720 basehttp 22817 6130511872 "GET /admin/e_shop/product/ HTTP/1.1" 200 10538
INFO 2025-02-05 20:55:01,734 basehttp 22817 6130511872 "GET /admin/jsi18n/ HTTP/1.1" 200 17546
INFO 2025-02-05 20:55:02,878 basehttp 22817 6130511872 "GET /admin/e_shop/order/ HTTP/1.1" 200 10008
INFO 2025-02-05 20:55:02,887 basehttp 22817 6130511872 "GET /admin/jsi18n/ HTTP/1.1" 200 17546
INFO 2025-02-05 20:55:04,063 basehttp 22817 6130511872 "GET /admin/e_shop/product/ HTTP/1.1" 200 10538
INFO 2025-02-05 20:55:04,067 basehttp 22817 6130511872 "GET /admin/jsi18n/ HTTP/1.1" 302 0
INFO 2025-02-05 20:55:04,074 basehttp 22817 6130511872 "GET /admin/jsi18n/ HTTP/1.1" 200 17546
INFO 2025-02-05 20:55:05,345 basehttp 22817 6130511872 "GET /admin/e_shop/category/ HTTP/1.1" 200 12073
INFO 2025-02-05 20:55:05,354 basehttp 22817 6130511872 "GET /admin/jsi18n/ HTTP/1.1" 200 17546
INFO 2025-02-05 20:55:11,761 basehttp 22817 6130511872 "GET / HTTP/1.1" 200 4667
INFO 2025-02-05 20:55:16,830 basehttp 22817 6130511872 "GET /product/add HTTP/1.1" 200 6057
INFO 2025-02-05 20:55:55,268 basehttp 22817 6130511872 "POST /product/add HTTP/1.1" 302 0
INFO 2025-02-05 20:55:55,280 basehttp 22817 6130511872 "GET /products/ HTTP/1.1" 200 5777
INFO 2025-02-05 20:55:55,306 basehttp 22817 6130511872 "GET /product/product/fish_aSy4Cpd.jpeg HTTP/1.1" 200 31182
INFO 2025-02-05 20:56:01,364 basehttp 22817 6130511872 "GET /orders/ HTTP/1.1" 200 5237
INFO 2025-02-05 20:56:06,527 basehttp 22817 6130511872 "GET / HTTP/1.1" 200 4667
INFO 2025-02-05 20:56:12,412 basehttp 22817 6130511872 "GET /product/update HTTP/1.1" 200 6057
INFO 2025-02-05 20:56:21,385 basehttp 22817 6130511872 "GET /products/ HTTP/1.1" 200 5777
INFO 2025-02-05 20:56:21,395 basehttp 22817 6130511872 "GET /product/product/fish_aSy4Cpd.jpeg HTTP/1.1" 304 0
INFO 2025-02-05 20:56:26,249 basehttp 22817 6130511872 "GET /products/ HTTP/1.1" 200 5777
INFO 2025-02-05 20:56:26,258 basehttp 22817 6130511872 "GET /product/product/fish_aSy4Cpd.jpeg HTTP/1.1" 304 0
INFO 2025-02-05 20:56:26,876 basehttp 22817 6130511872 "GET / HTTP/1.1" 200 4667
INFO 2025-02-05 20:56:28,947 basehttp 22817 6130511872 "GET / HTTP/1.1" 200 4667
INFO 2025-02-05 20:56:37,828 basehttp 22817 6130511872 "GET /? HTTP/1.1" 200 4667
INFO 2025-02-05 20:56:40,062 basehttp 22817 6130511872 "GET / HTTP/1.1" 200 4667
INFO 2025-02-05 20:56:41,227 basehttp 22817 6130511872 "GET /products/ HTTP/1.1" 200 5777
INFO 2025-02-05 20:56:41,238 basehttp 22817 6130511872 "GET /product/product/fish_aSy4Cpd.jpeg HTTP/1.1" 304 0
